This is pdfTeX, Version 3.141592653-2.6-1.40.24 (MiKTeX 22.7) (preloaded format=pdflatex 2022.7.18)  26 JUL 2022 11:53
entering extended mode
 restricted \write18 enabled.
 %&-line parsing enabled.
**./Main_file.tex
(Main_file.tex
LaTeX2e <2022-06-01> patch level 5
L3 programming layer <2022-07-04>
(C:\Users\Bernie K. Cheruiyot\AppData\Local\Programs\MiKTeX\tex/latex/base\repo
rt.cls
Document Class: report 2021/10/04 v1.4n Standard LaTeX document class

(C:\Users\Bernie K. Cheruiyot\AppData\Local\Programs\MiKTeX\tex/latex/base\fleq
n.clo
File: fleqn.clo 2016/12/29 v1.2b Standard LaTeX option (flush left equations)
\mathindent=\skip47
Applying: [2015/01/01] Make \[ robust on input line 50.
LaTeX Info: Redefining \[ on input line 51.
Already applied: [0000/00/00] Make \[ robust on input line 62.
Applying: [2015/01/01] Make \] robust on input line 74.
LaTeX Info: Redefining \] on input line 75.
Already applied: [0000/00/00] Make \] robust on input line 83.
)
(C:\Users\Bernie K. Cheruiyot\AppData\Local\Programs\MiKTeX\tex/latex/base\size
12.clo
File: size12.clo 2021/10/04 v1.4n Standard LaTeX file (size option)
)
\c@part=\count185
\c@chapter=\count186
\c@section=\count187
\c@subsection=\count188
\c@subsubsection=\count189
\c@paragraph=\count190
\c@subparagraph=\count191
\c@figure=\count192
\c@table=\count193
\abovecaptionskip=\skip48
\belowcaptionskip=\skip49
\bibindent=\dimen138
)
(C:\Users\Bernie K. Cheruiyot\AppData\Local\Programs\MiKTeX\tex/latex/ntgclass\
a4.sty
Package: a4 2020/02/18 v1.2g A4 based page layout
)
(C:\Users\Bernie K. Cheruiyot\AppData\Local\Programs\MiKTeX\tex/latex/graphics\
graphicx.sty
Package: graphicx 2021/09/16 v1.2d Enhanced LaTeX Graphics (DPC,SPQR)

(C:\Users\Bernie K. Cheruiyot\AppData\Local\Programs\MiKTeX\tex/latex/graphics\
keyval.sty
Package: keyval 2022/05/29 v1.15 key=value parser (DPC)
\KV@toks@=\toks16
)
(C:\Users\Bernie K. Cheruiyot\AppData\Local\Programs\MiKTeX\tex/latex/graphics\
graphics.sty
Package: graphics 2022/03/10 v1.4e Standard LaTeX Graphics (DPC,SPQR)

(C:\Users\Bernie K. Cheruiyot\AppData\Local\Programs\MiKTeX\tex/latex/graphics\
trig.sty
Package: trig 2021/08/11 v1.11 sin cos tan (DPC)
)
(C:\Users\Bernie K. Cheruiyot\AppData\Local\Programs\MiKTeX\tex/latex/graphics-
cfg\graphics.cfg
File: graphics.cfg 2016/06/04 v1.11 sample graphics configuration
)
Package graphics Info: Driver file: pdftex.def on input line 107.

(C:\Users\Bernie K. Cheruiyot\AppData\Local\Programs\MiKTeX\tex/latex/graphics-
def\pdftex.def
File: pdftex.def 2020/10/05 v1.2a Graphics/color driver for pdftex
))
\Gin@req@height=\dimen139
\Gin@req@width=\dimen140
)
(C:\Users\Bernie K. Cheruiyot\AppData\Local\Programs\MiKTeX\tex/latex/subfig\su
bfig.sty
Package: subfig 2005/06/28 ver: 1.3 subfig package

(C:\Users\Bernie K. Cheruiyot\AppData\Local\Programs\MiKTeX\tex/latex/caption\c
aption.sty
Package: caption 2022/03/01 v3.6b Customizing captions (AR)

(C:\Users\Bernie K. Cheruiyot\AppData\Local\Programs\MiKTeX\tex/latex/caption\c
aption3.sty
Package: caption3 2022/03/17 v2.3b caption3 kernel (AR)
\caption@tempdima=\dimen141
\captionmargin=\dimen142
\caption@leftmargin=\dimen143
\caption@rightmargin=\dimen144
\caption@width=\dimen145
\caption@indent=\dimen146
\caption@parindent=\dimen147
\caption@hangindent=\dimen148
Package caption Info: Standard document class detected.
)
\c@caption@flags=\count194
\c@continuedfloat=\count195
)
\c@KVtest=\count196
\sf@farskip=\skip50
\sf@captopadj=\dimen149
\sf@capskip=\skip51
\sf@nearskip=\skip52
\c@subfigure=\count197
\c@subfigure@save=\count198
\c@lofdepth=\count199
\c@subtable=\count266
\c@subtable@save=\count267
\c@lotdepth=\count268
\sf@top=\skip53
\sf@bottom=\skip54
)
(C:\Users\Bernie K. Cheruiyot\AppData\Local\Programs\MiKTeX\tex/latex/psfrag\ps
frag.sty
Package: psfrag 1998/04/11 v3.04 PSfrag (MCG)
\pfg@pcount=\count269
\pfg@scount=\count270
\pfg@temp=\write3
)
(C:\Users\Bernie K. Cheruiyot\AppData\Local\Programs\MiKTeX\tex/latex/amsmath\a
msmath.sty
Package: amsmath 2022/04/08 v2.17n AMS math features
\@mathmargin=\skip55

For additional information on amsmath, use the `?' option.

(C:\Users\Bernie K. Cheruiyot\AppData\Local\Programs\MiKTeX\tex/latex/amsmath\a
mstext.sty
Package: amstext 2021/08/26 v2.01 AMS text

(C:\Users\Bernie K. Cheruiyot\AppData\Local\Programs\MiKTeX\tex/latex/amsmath\a
msgen.sty
File: amsgen.sty 1999/11/30 v2.0 generic functions
\@emptytoks=\toks17
\ex@=\dimen150
))
(C:\Users\Bernie K. Cheruiyot\AppData\Local\Programs\MiKTeX\tex/latex/amsmath\a
msbsy.sty
Package: amsbsy 1999/11/29 v1.2d Bold Symbols
\pmbraise@=\dimen151
)
(C:\Users\Bernie K. Cheruiyot\AppData\Local\Programs\MiKTeX\tex/latex/amsmath\a
msopn.sty
Package: amsopn 2022/04/08 v2.04 operator names
)
\inf@bad=\count271
LaTeX Info: Redefining \frac on input line 234.
\uproot@=\count272
\leftroot@=\count273
LaTeX Info: Redefining \overline on input line 399.
LaTeX Info: Redefining \colon on input line 410.
\classnum@=\count274
\DOTSCASE@=\count275
LaTeX Info: Redefining \ldots on input line 496.
LaTeX Info: Redefining \dots on input line 499.
LaTeX Info: Redefining \cdots on input line 620.
\Mathstrutbox@=\box51
\strutbox@=\box52
LaTeX Info: Redefining \big on input line 722.
LaTeX Info: Redefining \Big on input line 723.
LaTeX Info: Redefining \bigg on input line 724.
LaTeX Info: Redefining \Bigg on input line 725.
\big@size=\dimen152
LaTeX Font Info:    Redeclaring font encoding OML on input line 743.
LaTeX Font Info:    Redeclaring font encoding OMS on input line 744.
\macc@depth=\count276
LaTeX Info: Redefining \bmod on input line 905.
LaTeX Info: Redefining \pmod on input line 910.
LaTeX Info: Redefining \smash on input line 940.
LaTeX Info: Redefining \relbar on input line 970.
LaTeX Info: Redefining \Relbar on input line 971.
\c@MaxMatrixCols=\count277
\dotsspace@=\muskip16
\c@parentequation=\count278
\dspbrk@lvl=\count279
\tag@help=\toks18
\row@=\count280
\column@=\count281
\maxfields@=\count282
\andhelp@=\toks19
\eqnshift@=\dimen153
\alignsep@=\dimen154
\tagshift@=\dimen155
\tagwidth@=\dimen156
\totwidth@=\dimen157
\lineht@=\dimen158
\@envbody=\toks20
\multlinegap=\skip56
\multlinetaggap=\skip57
\mathdisplay@stack=\toks21
LaTeX Info: Redefining \[ on input line 2953.
LaTeX Info: Redefining \] on input line 2954.
)
(C:\Users\Bernie K. Cheruiyot\AppData\Local\Programs\MiKTeX\tex/latex/amsfonts\
amssymb.sty
Package: amssymb 2013/01/14 v3.01 AMS font symbols

(C:\Users\Bernie K. Cheruiyot\AppData\Local\Programs\MiKTeX\tex/latex/amsfonts\
amsfonts.sty
Package: amsfonts 2013/01/14 v3.01 Basic AMSFonts support
\symAMSa=\mathgroup4
\symAMSb=\mathgroup5
LaTeX Font Info:    Redeclaring math symbol \hbar on input line 98.
LaTeX Font Info:    Overwriting math alphabet `\mathfrak' in version `bold'
(Font)                  U/euf/m/n --> U/euf/b/n on input line 106.
)) (Styles/fancyheadings.sty
\headrulewidth=\dimen159
\footrulewidth=\dimen160
\plainheadrulewidth=\dimen161
\plainfootrulewidth=\dimen162
\headwidth=\dimen163
\footruleskip=\dimen164
)
(C:\Users\Bernie K. Cheruiyot\AppData\Local\Programs\MiKTeX\tex/latex/tocloft\t
ocloft.sty
Package: tocloft 2017/08/31 v2.3i parameterised ToC, etc., typesetting
Package tocloft Info: The document has chapter divisions on input line 51.
\cftparskip=\skip58
\cftbeforetoctitleskip=\skip59
\cftaftertoctitleskip=\skip60
\cftbeforepartskip=\skip61
\cftpartnumwidth=\skip62
\cftpartindent=\skip63
\cftbeforechapskip=\skip64
\cftchapindent=\skip65
\cftchapnumwidth=\skip66
\cftbeforesecskip=\skip67
\cftsecindent=\skip68
\cftsecnumwidth=\skip69
\cftbeforesubsecskip=\skip70
\cftsubsecindent=\skip71
\cftsubsecnumwidth=\skip72
\cftbeforesubsubsecskip=\skip73
\cftsubsubsecindent=\skip74
\cftsubsubsecnumwidth=\skip75
\cftbeforeparaskip=\skip76
\cftparaindent=\skip77
\cftparanumwidth=\skip78
\cftbeforesubparaskip=\skip79
\cftsubparaindent=\skip80
\cftsubparanumwidth=\skip81
\cftbeforeloftitleskip=\skip82
\cftafterloftitleskip=\skip83
\cftbeforefigskip=\skip84
\cftfigindent=\skip85
\cftfignumwidth=\skip86


! LaTeX Error: Command \c@lofdepth already defined.
               Or name \end... illegal, see p.192 of the manual.

See the LaTeX manual or LaTeX Companion for explanation.
Type  H <return>  for immediate help.
 ...                                              
                                                  
l.623   \newcounter{lofdepth}
                             \setcounter{lofdepth}{1}
Your command was ignored.
Type  I <command> <return>  to replace it with another command,
or  <return>  to continue without it.


! LaTeX Error: Command \c@lotdepth already defined.
               Or name \end... illegal, see p.192 of the manual.

See the LaTeX manual or LaTeX Companion for explanation.
Type  H <return>  for immediate help.
 ...                                              
                                                  
l.624   \newcounter{lotdepth}
                             \setcounter{lotdepth}{1}
Your command was ignored.
Type  I <command> <return>  to replace it with another command,
or  <return>  to continue without it.

\cftbeforelottitleskip=\skip87
\cftafterlottitleskip=\skip88
\cftbeforetabskip=\skip89
\cfttabindent=\skip90
\cfttabnumwidth=\skip91
)
(C:\Users\Bernie K. Cheruiyot\AppData\Local\Programs\MiKTeX\tex/latex/l3backend
\l3backend-pdftex.def
File: l3backend-pdftex.def 2022-07-01 L3 backend support: PDF output (pdfTeX)
\l__color_backend_stack_int=\count283
\l__pdf_internal_box=\box53
) (Main_file.aux)
\openout1 = `Main_file.aux'.

LaTeX Font Info:    Checking defaults for OML/cmm/m/it on input line 74.
LaTeX Font Info:    ... okay on input line 74.
LaTeX Font Info:    Checking defaults for OMS/cmsy/m/n on input line 74.
LaTeX Font Info:    ... okay on input line 74.
LaTeX Font Info:    Checking defaults for OT1/cmr/m/n on input line 74.
LaTeX Font Info:    ... okay on input line 74.
LaTeX Font Info:    Checking defaults for T1/cmr/m/n on input line 74.
LaTeX Font Info:    ... okay on input line 74.
LaTeX Font Info:    Checking defaults for TS1/cmr/m/n on input line 74.
LaTeX Font Info:    ... okay on input line 74.
LaTeX Font Info:    Checking defaults for OMX/cmex/m/n on input line 74.
LaTeX Font Info:    ... okay on input line 74.
LaTeX Font Info:    Checking defaults for U/cmr/m/n on input line 74.
LaTeX Font Info:    ... okay on input line 74.

(C:\Users\Bernie K. Cheruiyot\AppData\Local\Programs\MiKTeX\tex/context/base/mk
ii\supp-pdf.mkii
[Loading MPS to PDF converter (version 2006.09.02).]
\scratchcounter=\count284
\scratchdimen=\dimen165
\scratchbox=\box54
\nofMPsegments=\count285
\nofMParguments=\count286
\everyMPshowfont=\toks22
\MPscratchCnt=\count287
\MPscratchDim=\dimen166
\MPnumerator=\count288
\makeMPintoPDFobject=\count289
\everyMPtoPDFconversion=\toks23
)
(C:\Users\Bernie K. Cheruiyot\AppData\Local\Programs\MiKTeX\tex/latex/epstopdf-
pkg\epstopdf-base.sty
Package: epstopdf-base 2020-01-24 v2.11 Base part for package epstopdf
Package epstopdf-base Info: Redefining graphics rule for `.eps' on input line 4
85.

(C:\Users\Bernie K. Cheruiyot\AppData\Local\Programs\MiKTeX\tex/latex/00miktex\
epstopdf-sys.cfg
File: epstopdf-sys.cfg 2021/03/18 v2.0 Configuration of epstopdf for MiKTeX
))
Package caption Info: Begin \AtBeginDocument code.
Package caption Info: subfig package v1.3 is loaded.
Package caption Info: End \AtBeginDocument code.
<Figures/JKUAT_logo.png, id=1, 196.48407pt x 178.41656pt>
File: Figures/JKUAT_logo.png Graphic file (type png)
<use Figures/JKUAT_logo.png>
Package pdftex.def Info: Figures/JKUAT_logo.png  used on input line 81.
(pdftex.def)             Requested size: 136.5746pt x 124.025pt.
 [1
Non-PDF special ignored!
<special> header=psfrag.pro

{C:/Users/Bernie K. Cheruiyot/AppData/Local/MiKTeX/fonts/map/pdftex/pdftex.map}
 <./Figures/JKUAT_logo.png>] (Main_file.toc
LaTeX Font Info:    Trying to load font information for U+msa on input line 1.

(C:\Users\Bernie K. Cheruiyot\AppData\Local\Programs\MiKTeX\tex/latex/amsfonts\
umsa.fd
File: umsa.fd 2013/01/14 v3.01 AMS symbols A
)
LaTeX Font Info:    Trying to load font information for U+msb on input line 1.

(C:\Users\Bernie K. Cheruiyot\AppData\Local\Programs\MiKTeX\tex/latex/amsfonts\
umsb.fd
File: umsb.fd 2013/01/14 v3.01 AMS symbols B
) [1])
\tf@toc=\write4
\openout4 = `Main_file.toc'.

 [2] (Main_file.lof)
\tf@lof=\write5
\openout5 = `Main_file.lof'.

 [3

] (Main_file.lot)
\tf@lot=\write6
\openout6 = `Main_file.lot'.

 [4

]
(Files/List of Abbreviations.tex) (Files/Introduction.tex
Chapter 1.
) [1




] (Files/Chapter2.tex
Chapter 2.
[2


]
<Figures/cncschematic.jpg, id=30, 670.75594pt x 670.75594pt>
File: Figures/cncschematic.jpg Graphic file (type jpg)
<use Figures/cncschematic.jpg>
Package pdftex.def Info: Figures/cncschematic.jpg  used on input line 20.
(pdftex.def)             Requested size: 364.19664pt x 364.19861pt.


LaTeX Warning: `!h' float specifier changed to `!ht'.

[3] [4 <./Figures/cncschematic.jpg>] [5]) [6] (Files/Chapter3.tex
Chapter 3.
<Figures/machinecontroller.jpg, id=44, 4015.0pt x 3011.25pt>
File: Figures/machinecontroller.jpg Graphic file (type jpg)
<use Figures/machinecontroller.jpg>
Package pdftex.def Info: Figures/machinecontroller.jpg  used on input line 13.
(pdftex.def)             Requested size: 318.66946pt x 238.97511pt.

LaTeX Warning: `!h' float specifier changed to `!ht'.

[7


]
<Figures/machining.jpg, id=48, 4015.0pt x 3011.25pt>
File: Figures/machining.jpg Graphic file (type jpg)
<use Figures/machining.jpg>
Package pdftex.def Info: Figures/machining.jpg  used on input line 29.
(pdftex.def)             Requested size: 318.66946pt x 238.97511pt.
 [8 <./Figures/machinecontroller.jpg>]) [9 <./Figures/machining.jpg>]
(Files/Chapter4.tex
Chapter 4.
<Figures/result.jpg, id=58, 3011.25pt x 4015.0pt>
File: Figures/result.jpg Graphic file (type jpg)
<use Figures/result.jpg>
Package pdftex.def Info: Figures/result.jpg  used on input line 5.
(pdftex.def)             Requested size: 455.24408pt x 606.94135pt.

LaTeX Warning: Float too large for page by 17.69133pt on input line 8.

) [10


] [11 <./Figures/result.jpg>] (Files/Chapter5.tex
Chapter 5.
) [12


] (Main_file.bbl) [13



] (Main_file.aux) ) 
Here is how much of TeX's memory you used:
 4695 strings out of 478338
 81267 string characters out of 2830056
 373747 words of memory out of 3000000
 23054 multiletter control sequences out of 15000+600000
 478307 words of font info for 60 fonts, out of 8000000 for 9000
 1141 hyphenation exceptions out of 8191
 69i,12n,79p,806b,385s stack positions out of 10000i,1000n,20000p,200000b,80000s
 <C:\Users\Bernie K. Cheruiyot\AppData\Local\MiKTeX\fonts/pk
/ljfour/jknappen/ec/dpi600\tcrm0800.pk> <C:\Users\Bernie K. Cheruiyot\AppData\L
ocal\MiKTeX\fonts/pk/ljfour/jknappen/ec/dpi600\tcrm1200.pk><C:/Users/Bernie K. 
Cheruiyot/AppData/Local/Programs/MiKTeX/fonts/type1/public/amsfonts/cm/cmbx12.p
fb><C:/Users/Bernie K. Cheruiyot/AppData/Local/Programs/MiKTeX/fonts/type1/publ
ic/amsfonts/cm/cmmi12.pfb><C:/Users/Bernie K. Cheruiyot/AppData/Local/Programs/
MiKTeX/fonts/type1/public/amsfonts/cm/cmr10.pfb><C:/Users/Bernie K. Cheruiyot/A
ppData/Local/Programs/MiKTeX/fonts/type1/public/amsfonts/cm/cmr12.pfb><C:/Users
/Bernie K. Cheruiyot/AppData/Local/Programs/MiKTeX/fonts/type1/public/amsfonts/
cm/cmsl12.pfb><C:/Users/Bernie K. Cheruiyot/AppData/Local/Programs/MiKTeX/fonts
/type1/public/amsfonts/cm/cmti12.pfb>
Output written on Main_file.pdf (18 pages, 1476076 bytes).
PDF statistics:
 105 PDF objects out of 1000 (max. 8388607)
 0 named destinations out of 1000 (max. 500000)
 26 words of extra memory for PDF output out of 10000 (max. 10000000)

